<?xml version="1.0" encoding="UTF-8"?>
<testsuite name="SimpleBankSystemTest" tests="1" skipped="0" failures="0" errors="0" timestamp="2021-10-08T12:56:10" hostname="Williams-MacBook-Pro.local" time="1.261">
  <properties/>
  <testcase name="start" classname="SimpleBankSystemTest" time="1.261"/>
  <system-out><![CDATA[?[1;31m
Start test 1?[0m
jdbc:sqlite:card.s3db
1. Create an Account
2. Log into account
0. Exit
>> 0

Bye!
?[1;31m
Start test 2?[0m
jdbc:sqlite:card.s3db
1. Create an Account
2. Log into account
0. Exit
>> 0

Bye!
?[1;31m
Start test 3?[0m
jdbc:sqlite:card.s3db
1. Create an Account
2. Log into account
0. Exit
>> 0

Bye!
?[1;31m
Start test 4?[0m
jdbc:sqlite:card.s3db
1. Create an Account
2. Log into account
0. Exit
>> 0

Bye!
?[1;31m
Start test 5?[0m
jdbc:sqlite:card.s3db
1. Create an Account
2. Log into account
0. Exit
>> 1

Your card has been created
Your card number:
4000000000000051
Your card PIN:
9237

1. Create an Account
2. Log into account
0. Exit
>> 1

Your card has been created
Your card number:
4000000000000101
Your card PIN:
2687

1. Create an Account
2. Log into account
0. Exit
>> 1

Your card has been created
Your card number:
4000000000000291
Your card PIN:
4590

1. Create an Account
2. Log into account
0. Exit
>> 1

Your card has been created
Your card number:
4000000000000341
Your card PIN:
3565

1. Create an Account
2. Log into account
0. Exit
>> 1

Your card has been created
Your card number:
4000000000000481
Your card PIN:
3000

1. Create an Account
2. Log into account
0. Exit
>> 0

Bye!
4000000000000051
4000000000000101
4000000000000291
4000000000000341
4000000000000481
?[1;31m
Start test 6?[0m
jdbc:sqlite:card.s3db
1. Create an Account
2. Log into account
0. Exit
>> 1

Your card has been created
Your card number:
4000000000000051
Your card PIN:
1300

1. Create an Account
2. Log into account
0. Exit
>> 2

Enter your card number:
>> 4000000000000051
Enter your PIN:
>> 1300

You have successfully logged in!

1. Balance
2. Add income
3. Do transfer
4. Close account
5. Log out
0. Exit
>> 0

Bye!
?[1;31m
Start test 7?[0m
jdbc:sqlite:card.s3db
1. Create an Account
2. Log into account
0. Exit
>> 1

Your card has been created
Your card number:
4000000000000051
Your card PIN:
7243

1. Create an Account
2. Log into account
0. Exit
>> 2

Enter your card number:
>> 4000000000000051
Enter your PIN:
>> 1034

Wrong card number or PIN!

1. Create an Account
2. Log into account
0. Exit
>> 0

Bye!
?[1;31m
Start test 8?[0m
jdbc:sqlite:card.s3db
1. Create an Account
2. Log into account
0. Exit
>> 1

Your card has been created
Your card number:
4000000000000051
Your card PIN:
9495

1. Create an Account
2. Log into account
0. Exit
>> 2

Enter your card number:
>> 400000854902181
Enter your PIN:
>> 9495

Wrong card number or PIN!

1. Create an Account
2. Log into account
0. Exit
>> 0

Bye!
?[1;31m
Start test 9?[0m
jdbc:sqlite:card.s3db
1. Create an Account
2. Log into account
0. Exit
>> 1

Your card has been created
Your card number:
4000000000000051
Your card PIN:
8829

1. Create an Account
2. Log into account
0. Exit
>> 2

Enter your card number:
>> 4000000000000051
Enter your PIN:
>> 8829

You have successfully logged in!

1. Balance
2. Add income
3. Do transfer
4. Close account
5. Log out
0. Exit
>> 1

Balance: 0

1. Balance
2. Add income
3. Do transfer
4. Close account
5. Log out
0. Exit
>> 0

Bye!
?[1;31m
Start test 10?[0m
jdbc:sqlite:card.s3db
1. Create an Account
2. Log into account
0. Exit
>> 1

Your card has been created
Your card number:
4000000000000051
Your card PIN:
5753

1. Create an Account
2. Log into account
0. Exit
>> 2

Enter your card number:
>> 4000000000000051
Enter your PIN:
>> 5753

You have successfully logged in!

1. Balance
2. Add income
3. Do transfer
4. Close account
5. Log out
0. Exit
>> 2

Enter income:
>> 10000
Income was added!

1. Balance
2. Add income
3. Do transfer
4. Close account
5. Log out
0. Exit
>> 0

Bye!
jdbc:sqlite:card.s3db
1. Create an Account
2. Log into account
0. Exit
>> 2

Enter your card number:
>> 4000000000000051
Enter your PIN:
>> 5753

You have successfully logged in!

1. Balance
2. Add income
3. Do transfer
4. Close account
5. Log out
0. Exit
>> 2

Enter income:
>> 15000
Income was added!

1. Balance
2. Add income
3. Do transfer
4. Close account
5. Log out
0. Exit
>> 0

Bye!
?[1;31m
Start test 11?[0m
jdbc:sqlite:card.s3db
1. Create an Account
2. Log into account
0. Exit
>> 1

Your card has been created
Your card number:
4000000000000051
Your card PIN:
0788

1. Create an Account
2. Log into account
0. Exit
>> 1

Your card has been created
Your card number:
4000000000000101
Your card PIN:
4896

1. Create an Account
2. Log into account
0. Exit
>> 2

Enter your card number:
>> 4000000000000101
Enter your PIN:
>> 4896

You have successfully logged in!

1. Balance
2. Add income
3. Do transfer
4. Close account
5. Log out
0. Exit
>> 3

Transfer
Enter card number:
>> 2000007269641764
Probably you made a mistake in the card number. Please try again!

1. Balance
2. Add income
3. Do transfer
4. Close account
5. Log out
0. Exit
>> 3

Transfer
Enter card number:
>> 2000007269641768
Such a card does not exist.

1. Balance
2. Add income
3. Do transfer
4. Close account
5. Log out
0. Exit
>> 3

Transfer
Enter card number:
>> 4000000000000051
Enter how much money you want to transfer:
>> 100000
Not enough money!

1. Balance
2. Add income
3. Do transfer
4. Close account
5. Log out
0. Exit
>> 2

Enter income:
>> 20000
Income was added!

1. Balance
2. Add income
3. Do transfer
4. Close account
5. Log out
0. Exit
>> 3

Transfer
Enter card number:
>> 4000000000000051
Enter how much money you want to transfer:
>> 10000
Success!

1. Balance
2. Add income
3. Do transfer
4. Close account
5. Log out
0. Exit
>> 0

Bye!
?[1;31m
Start test 12?[0m
jdbc:sqlite:card.s3db
1. Create an Account
2. Log into account
0. Exit
>> 1

Your card has been created
Your card number:
4000000000000051
Your card PIN:
4041

1. Create an Account
2. Log into account
0. Exit
>> 2

Enter your card number:
>> 4000000000000051
Enter your PIN:
>> 4041

You have successfully logged in!

1. Balance
2. Add income
3. Do transfer
4. Close account
5. Log out
0. Exit
>> 4

The account has been closed!

1. Create an Account
2. Log into account
0. Exit
>> 0

Bye!
]]></system-out>
  <system-err><![CDATA[]]></system-err>
</testsuite>
